<?xml version="1.0" encoding="UTF-8"?>
<!-- Generated by org.testng.reporters.JUnitReportReporter -->
<testsuite hostname="NAMITA" failures="0" tests="1" name="jQuiry.jQuiryTask" time="8.426" errors="0" timestamp="2024-12-23T12:22:49 IST" skipped="0">
  <testcase classname="jQuiry.jQuiryTask" name="droplist" time="8.426"/>
</testsuite> <!-- jQuiry.jQuiryTask -->
